<?xml version="1.0" encoding="UTF-8"?>
<testng-results skipped="0" failed="0" ignored="0" total="0" passed="0">
  <reporter-output>
  </reporter-output>
  <suite name="com.mahendra.TestCase" duration-ms="12" started-at="2019-12-24T06:55:21Z" finished-at="2019-12-24T06:55:21Z">
    <groups>
    </groups>
    <test name="Command line test" duration-ms="12" started-at="2019-12-24T06:55:21Z" finished-at="2019-12-24T06:55:21Z">
      <class name="com.mahendra.TestCase">
        <test-method status="PASS" signature="doSomethingBefore()[pri:0, instance:com.mahendra.TestCase@6adca536]" name="doSomethingBefore" is-config="true" duration-ms="7" started-at="2019-12-24T12:25:21Z" finished-at="2019-12-24T12:25:21Z">
          <reporter-output>
          </reporter-output>
        </test-method> <!-- doSomethingBefore -->
        <test-method status="PASS" signature="doSomethingAfter()[pri:0, instance:com.mahendra.TestCase@6adca536]" name="doSomethingAfter" is-config="true" duration-ms="0" started-at="2019-12-24T12:25:21Z" finished-at="2019-12-24T12:25:21Z">
          <reporter-output>
          </reporter-output>
        </test-method> <!-- doSomethingAfter -->
      </class> <!-- com.mahendra.TestCase -->
    </test> <!-- Command line test -->
  </suite> <!-- com.mahendra.TestCase -->
</testng-results>
